Build started 01-07-2019 18:27:37.
     1>Project "c:\Users\aravinth-6128\documents\visual studio 2010\Projects\IPCExample2\IPCExample2\IPCExample2.vcxproj" on node 2 (build target(s)).
     1>PrepareForBuild:
         Creating directory "c:\users\aravinth-6128\documents\visual studio 2010\Projects\IPCExample2\Debug\".
       InitializeBuildStatus:
         Creating "Debug\IPCExample2.unsuccessfulbuild" because "AlwaysCreate" was specified.
       ClCompile:
         C:\Program Files (x86)\Microsoft Visual Studio 10.0\VC\bin\CL.exe /c /ZI /nologo /W3 /WX- /Od /Oy- /D WIN32 /D _DEBUG /D _CONSOLE /D _UNICODE /D UNICODE /Gm /EHsc /RTC1 /MDd /GS /fp:precise /Zc:wchar_t /Zc:forScope /Yc"StdAfx.h" /Fp"Debug\IPCExample2.pch" /Fo"Debug\\" /Fd"Debug\vc100.pdb" /Gd /TP /analyze- /errorReport:prompt stdafx.cpp
         stdafx.cpp
         C:\Program Files (x86)\Microsoft Visual Studio 10.0\VC\bin\CL.exe /c /ZI /nologo /W3 /WX- /Od /Oy- /D WIN32 /D _DEBUG /D _CONSOLE /D _UNICODE /D UNICODE /Gm /EHsc /RTC1 /MDd /GS /fp:precise /Zc:wchar_t /Zc:forScope /Yu"StdAfx.h" /Fp"Debug\IPCExample2.pch" /Fo"Debug\\" /Fd"Debug\vc100.pdb" /Gd /TP /analyze- /errorReport:prompt IPCExample2.cpp
         IPCExample2.cpp
       ManifestResourceCompile:
         C:\Program Files (x86)\Microsoft SDKs\Windows\v7.0A\bin\rc.exe /nologo /fo"Debug\IPCExample2.exe.embed.manifest.res" Debug\IPCExample2_manifest.rc 
       Link:
         C:\Program Files (x86)\Microsoft Visual Studio 10.0\VC\bin\link.exe /ERRORREPORT:PROMPT /OUT:"c:\users\aravinth-6128\documents\visual studio 2010\Projects\IPCExample2\Debug\IPCExample2.exe" /INCREMENTAL /NOLOGO kernel32.lib user32.lib gdi32.lib winspool.lib comdlg32.lib advapi32.lib shell32.lib ole32.lib oleaut32.lib uuid.lib odbc32.lib odbccp32.lib /MANIFEST /ManifestFile:"Debug\IPCExample2.exe.intermediate.manifest" /MANIFESTUAC:"level='asInvoker' uiAccess='false'" /DEBUG /PDB:"c:\users\aravinth-6128\documents\visual studio 2010\Projects\IPCExample2\Debug\IPCExample2.pdb" /SUBSYSTEM:CONSOLE /TLBID:1 /DYNAMICBASE /NXCOMPAT /IMPLIB:"c:\users\aravinth-6128\documents\visual studio 2010\Projects\IPCExample2\Debug\IPCExample2.lib" /MACHINE:X86 Debug\IPCExample2.exe.embed.manifest.res
         Debug\IPCExample2.obj
         Debug\stdafx.obj
       Manifest:
         C:\Program Files (x86)\Microsoft SDKs\Windows\v7.0A\bin\mt.exe /nologo /verbose /out:"Debug\IPCExample2.exe.embed.manifest" /manifest Debug\IPCExample2.exe.intermediate.manifest
         C:\Program Files (x86)\Microsoft SDKs\Windows\v7.0A\bin\rc.exe /nologo /fo"Debug\IPCExample2.exe.embed.manifest.res" Debug\IPCExample2_manifest.rc 
       LinkEmbedManifest:
         C:\Program Files (x86)\Microsoft Visual Studio 10.0\VC\bin\link.exe /ERRORREPORT:PROMPT /OUT:"c:\users\aravinth-6128\documents\visual studio 2010\Projects\IPCExample2\Debug\IPCExample2.exe" /INCREMENTAL /NOLOGO kernel32.lib user32.lib gdi32.lib winspool.lib comdlg32.lib advapi32.lib shell32.lib ole32.lib oleaut32.lib uuid.lib odbc32.lib odbccp32.lib /MANIFEST /ManifestFile:"Debug\IPCExample2.exe.intermediate.manifest" /MANIFESTUAC:"level='asInvoker' uiAccess='false'" /DEBUG /PDB:"c:\users\aravinth-6128\documents\visual studio 2010\Projects\IPCExample2\Debug\IPCExample2.pdb" /SUBSYSTEM:CONSOLE /TLBID:1 /DYNAMICBASE /NXCOMPAT /IMPLIB:"c:\users\aravinth-6128\documents\visual studio 2010\Projects\IPCExample2\Debug\IPCExample2.lib" /MACHINE:X86 Debug\IPCExample2.exe.embed.manifest.res
         Debug\IPCExample2.obj
         Debug\stdafx.obj
         IPCExample2.vcxproj -> c:\users\aravinth-6128\documents\visual studio 2010\Projects\IPCExample2\Debug\IPCExample2.exe
       FinalizeBuildStatus:
         Deleting file "Debug\IPCExample2.unsuccessfulbuild".
         Touching "Debug\IPCExample2.lastbuildstate".
     1>Done Building Project "c:\Users\aravinth-6128\documents\visual studio 2010\Projects\IPCExample2\IPCExample2\IPCExample2.vcxproj" (build target(s)).

Build succeeded.

Time Elapsed 00:00:07.42
