Build started 01-07-2019 18:26:56.
     1>Project "c:\Users\aravinth-6128\documents\visual studio 2010\Projects\IPCExample1\IPCExample1\IPCExample1.vcxproj" on node 2 (build target(s)).
     1>InitializeBuildStatus:
         Creating "Debug\IPCExample1.unsuccessfulbuild" because "AlwaysCreate" was specified.
       ClCompile:
         All outputs are up-to-date.
         C:\Program Files (x86)\Microsoft Visual Studio 10.0\VC\bin\CL.exe /c /ZI /nologo /W3 /WX- /Od /Oy- /D WIN32 /D _DEBUG /D _CONSOLE /D _UNICODE /D UNICODE /Gm /EHsc /RTC1 /MDd /GS /fp:precise /Zc:wchar_t /Zc:forScope /Yu"StdAfx.h" /Fp"Debug\IPCExample1.pch" /Fo"Debug\\" /Fd"Debug\vc100.pdb" /Gd /TP /analyze- /errorReport:prompt IPCExample1.cpp
         IPCExample1.cpp
       ManifestResourceCompile:
         All outputs are up-to-date.
       Link:
         C:\Program Files (x86)\Microsoft Visual Studio 10.0\VC\bin\link.exe /ERRORREPORT:PROMPT /OUT:"c:\users\aravinth-6128\documents\visual studio 2010\Projects\IPCExample1\Debug\IPCExample1.exe" /INCREMENTAL /NOLOGO kernel32.lib user32.lib gdi32.lib winspool.lib comdlg32.lib advapi32.lib shell32.lib ole32.lib oleaut32.lib uuid.lib odbc32.lib odbccp32.lib /MANIFEST /ManifestFile:"Debug\IPCExample1.exe.intermediate.manifest" /MANIFESTUAC:"level='asInvoker' uiAccess='false'" /DEBUG /PDB:"c:\users\aravinth-6128\documents\visual studio 2010\Projects\IPCExample1\Debug\IPCExample1.pdb" /SUBSYSTEM:CONSOLE /TLBID:1 /DYNAMICBASE /NXCOMPAT /IMPLIB:"c:\users\aravinth-6128\documents\visual studio 2010\Projects\IPCExample1\Debug\IPCExample1.lib" /MACHINE:X86 Debug\IPCExample1.exe.embed.manifest.res
         Debug\IPCExample1.obj
         Debug\stdafx.obj
       Manifest:
         C:\Program Files (x86)\Microsoft SDKs\Windows\v7.0A\bin\mt.exe /nologo /verbose /out:"Debug\IPCExample1.exe.embed.manifest" /manifest Debug\IPCExample1.exe.intermediate.manifest
         All outputs are up-to-date.
       LinkEmbedManifest:
         All outputs are up-to-date.
         IPCExample1.vcxproj -> c:\users\aravinth-6128\documents\visual studio 2010\Projects\IPCExample1\Debug\IPCExample1.exe
       FinalizeBuildStatus:
         Deleting file "Debug\IPCExample1.unsuccessfulbuild".
         Touching "Debug\IPCExample1.lastbuildstate".
     1>Done Building Project "c:\Users\aravinth-6128\documents\visual studio 2010\Projects\IPCExample1\IPCExample1\IPCExample1.vcxproj" (build target(s)).

Build succeeded.

Time Elapsed 00:00:02.17
